<?xml version="1.0" encoding="UTF-8"?>
<testsuite xmlns:xsi="http://www.w3.org/2001/XMLSchema-instance" xsi:schemaLocation="https://maven.apache.org/surefire/maven-surefire-plugin/xsd/surefire-test-report.xsd" name="onboarding.PlacementTest" time="1.125" tests="3" errors="3" skipped="0" failures="0">
  <properties>
[...]
</properties>
  <testcase name="test1_Placement_Test" classname="onboarding.PlacementTest" time="0.014">
    <error type="java.lang.NullPointerException">java.lang.NullPointerException
	at onboarding.PlacementTest.test1_Placement_Test(PlacementTest.java:52)
</error>
    <system-out><![CDATA[SignUpLayout Delay 10 seconds applied 
onboarding.PlacementTest.test1_Placement_Test Started -> **Failed** -> Finished
]]></system-out>
  </testcase>
  <testcase name="test2_Answer_Questions" classname="onboarding.PlacementTest" time="0.001">
    <error type="java.lang.NullPointerException">java.lang.NullPointerException
	at onboarding.PlacementTest.test2_Answer_Questions(PlacementTest.java:65)
</error>
    <system-out><![CDATA[onboarding.PlacementTest.test2_Answer_Questions Started -> **Failed** -> Finished
]]></system-out>
  </testcase>
  <testcase name="test3_Show_Result" classname="onboarding.PlacementTest" time="0">
    <error type="java.lang.NullPointerException">java.lang.NullPointerException
	at onboarding.PlacementTest.test3_Show_Result(PlacementTest.java:80)
</error>
    <system-out><![CDATA[onboarding.PlacementTest.test3_Show_Result Started -> **Failed** -> Finished
]]></system-out>
  </testcase>
</testsuite>